[debug] [2021-04-06T10:26:06.994Z] ----------------------------------------------------------------------
[debug] [2021-04-06T10:26:07.000Z] Command:       C:\Program Files\nodejs\node.exe C:\Users\jaspe\AppData\Roaming\npm\node_modules\firebase-tools\lib\bin\firebase.js emulators:start
[debug] [2021-04-06T10:26:07.001Z] CLI Version:   8.17.0
[debug] [2021-04-06T10:26:07.001Z] Platform:      win32
[debug] [2021-04-06T10:26:07.001Z] Node Version:  v12.16.3
[debug] [2021-04-06T10:26:07.003Z] Time:          Tue Apr 06 2021 18:26:07 GMT+0800 (Philippine Standard Time)
[debug] [2021-04-06T10:26:07.004Z] ----------------------------------------------------------------------
[debug] [2021-04-06T10:26:07.004Z] 
[debug] [2021-04-06T10:26:07.022Z] >>> [apiv2][query] GET https://firebase-public.firebaseio.com/cli.json [none]
[debug] [2021-04-06T10:26:07.133Z] > command requires scopes: ["email","openid","https://www.googleapis.com/auth/cloudplatformprojects.readonly","https://www.googleapis.com/auth/firebase","https://www.googleapis.com/auth/cloud-platform"]
[debug] [2021-04-06T10:26:07.134Z] > authorizing via signed-in user
[info] i  emulators: Starting emulators: functions, hosting {"metadata":{"emulator":{"name":"hub"},"message":"Starting emulators: functions, hosting"}}
[debug] [2021-04-06T10:26:08.150Z] <<< [apiv2][status] GET https://firebase-public.firebaseio.com/cli.json 200
[debug] [2021-04-06T10:26:08.151Z] <<< [apiv2][body] GET https://firebase-public.firebaseio.com/cli.json {"cloudBuildErrorAfter":1594252800000,"cloudBuildWarnAfter":1590019200000,"defaultNode10After":1594252800000,"minVersion":"3.0.5","node8DeploysDisabledAfter":1613390400000,"node8RuntimeDisabledAfter":1615809600000,"node8WarnAfter":1600128000000}
[debug] [2021-04-06T10:26:09.211Z] [hub] writing locator at C:\Users\jaspe\AppData\Local\Temp\hub-ukay-58a99.json
[warn] !  functions: The following emulators are not running, calls to these services from the Functions emulator will affect production: auth, firestore, database, pubsub {"metadata":{"emulator":{"name":"functions"},"message":"The following emulators are not running, calls to these services from the Functions emulator will affect production: \u001b[1mauth, firestore, database, pubsub\u001b[22m"}}
[info] +  functions: Using node@12 from host. {"metadata":{"emulator":{"name":"functions"},"message":"Using node@12 from host."}}
[debug] [2021-04-06T10:26:17.324Z] defaultcredentials: writing to file C:\Users\jaspe\AppData\Roaming\firebase\jasperloading24_gmail_com_application_default_credentials.json
[debug] [2021-04-06T10:26:17.357Z] Setting GAC to C:\Users\jaspe\AppData\Roaming\firebase\jasperloading24_gmail_com_application_default_credentials.json {"metadata":{"emulator":{"name":"functions"},"message":"Setting GAC to C:\\Users\\jaspe\\AppData\\Roaming\\firebase\\jasperloading24_gmail_com_application_default_credentials.json"}}
[debug] [2021-04-06T10:26:19.395Z] > refreshing access token with scopes: ["email","https://www.googleapis.com/auth/cloud-platform","https://www.googleapis.com/auth/cloudplatformprojects.readonly","https://www.googleapis.com/auth/firebase","openid"]
[debug] [2021-04-06T10:26:19.395Z] >>> HTTP REQUEST POST https://www.googleapis.com/oauth2/v3/token  
 <request body omitted>
[debug] [2021-04-06T10:26:19.597Z] <<< HTTP RESPONSE 200 {"expires":"Mon, 01 Jan 1990 00:00:00 GMT","date":"Tue, 06 Apr 2021 10:26:19 GMT","pragma":"no-cache","cache-control":"no-cache, no-store, max-age=0, must-revalidate","content-type":"application/json; charset=utf-8","vary":"X-Origin, Referer, Origin,Accept-Encoding","server":"scaffolding on HTTPServer2","x-xss-protection":"0","x-frame-options":"SAMEORIGIN","x-content-type-options":"nosniff","alt-svc":"h3-29=\":443\"; ma=2592000,h3-T051=\":443\"; ma=2592000,h3-Q050=\":443\"; ma=2592000,h3-Q046=\":443\"; ma=2592000,h3-Q043=\":443\"; ma=2592000,quic=\":443\"; ma=2592000; v=\"46,43\"","accept-ranges":"none","transfer-encoding":"chunked"}
[debug] [2021-04-06T10:26:19.647Z] >>> HTTP REQUEST GET https://firebase.googleapis.com/v1beta1/projects/ukay-58a99/webApps/-/config  
 
[debug] [2021-04-06T10:26:20.950Z] <<< HTTP RESPONSE 200 {"content-type":"application/json; charset=UTF-8","vary":"X-Origin, Referer, Origin,Accept-Encoding","date":"Tue, 06 Apr 2021 10:26:20 GMT","server":"ESF","cache-control":"private","x-xss-protection":"0","x-frame-options":"SAMEORIGIN","x-content-type-options":"nosniff","alt-svc":"h3-29=\":443\"; ma=2592000,h3-T051=\":443\"; ma=2592000,h3-Q050=\":443\"; ma=2592000,h3-Q046=\":443\"; ma=2592000,h3-Q043=\":443\"; ma=2592000,quic=\":443\"; ma=2592000; v=\"46,43\"","accept-ranges":"none","transfer-encoding":"chunked"}
[info] i  hosting: Serving hosting files from: build {"metadata":{"emulator":{"name":"hosting"},"message":"Serving hosting files from: \u001b[1mbuild\u001b[22m"}}
[info] +  hosting: Local server: http://localhost:5000 {"metadata":{"emulator":{"name":"hosting"},"message":"Local server: \u001b[4m\u001b[1mhttp://localhost:5000\u001b[22m\u001b[24m"}}
[debug] [2021-04-06T10:26:25.498Z] Ignoring unsupported arg: auto_download {"metadata":{"emulator":{"name":"ui"},"message":"Ignoring unsupported arg: auto_download"}}
[debug] [2021-04-06T10:26:25.499Z] Ignoring unsupported arg: port {"metadata":{"emulator":{"name":"ui"},"message":"Ignoring unsupported arg: port"}}
[debug] [2021-04-06T10:26:25.499Z] Starting Emulator UI with command {"binary":"node","args":["C:\\Users\\jaspe\\.cache\\firebase\\emulators\\ui-v1.3.0\\server.bundle.js"],"optionalArgs":[],"joinArgs":false} {"metadata":{"emulator":{"name":"ui"},"message":"Starting Emulator UI with command {\"binary\":\"node\",\"args\":[\"C:\\\\Users\\\\jaspe\\\\.cache\\\\firebase\\\\emulators\\\\ui-v1.3.0\\\\server.bundle.js\"],\"optionalArgs\":[],\"joinArgs\":false}"}}
[info] i  ui: Emulator UI logging to ui-debug.log {"metadata":{"emulator":{"name":"ui"},"message":"Emulator UI logging to \u001b[1mui-debug.log\u001b[22m"}}
[debug] [2021-04-06T10:26:25.813Z] Web / API server started at http://localhost:4000
 {"metadata":{"emulator":{"name":"ui"},"message":"Web / API server started at http://localhost:4000\n"}}
[info] i  functions: Watching "C:\Users\jaspe\Desktop\Ukay2ph\ukay-ukay\functions" for Cloud Functions... {"metadata":{"emulator":{"name":"functions"},"message":"Watching \"C:\\Users\\jaspe\\Desktop\\Ukay2ph\\ukay-ukay\\functions\" for Cloud Functions..."}}
[debug] [2021-04-06T10:26:26.065Z] [worker-pool] addWorker(~diagnostic~) {"metadata":{"emulator":{"name":"functions"},"message":"[worker-pool] addWorker(~diagnostic~)"}}
[debug] [2021-04-06T10:26:26.065Z] [worker-pool] Adding worker with key ~diagnostic~, total=1 {"metadata":{"emulator":{"name":"functions"},"message":"[worker-pool] Adding worker with key ~diagnostic~, total=1"}}
[debug] [2021-04-06T10:26:26.066Z] [worker-pool] submitWork(triggerId=) {"metadata":{"emulator":{"name":"functions"},"message":"[worker-pool] submitWork(triggerId=)"}}
[debug] [2021-04-06T10:26:26.067Z] [worker-~diagnostic~-574247c9-c198-4017-9269-15287baed7b1]: Assigning socketPath: \\?\pipe\C:\Users\jaspe\Desktop\Ukay2ph\ukay-ukay\functions\6428 {"metadata":{"emulator":{"name":"functions"},"message":"[worker-~diagnostic~-574247c9-c198-4017-9269-15287baed7b1]: Assigning socketPath: \\\\?\\pipe\\C:\\Users\\jaspe\\Desktop\\Ukay2ph\\ukay-ukay\\functions\\6428"}}
[debug] [2021-04-06T10:26:26.068Z] [worker-~diagnostic~-574247c9-c198-4017-9269-15287baed7b1]: BUSY {"metadata":{"emulator":{"name":"functions"},"message":"[worker-~diagnostic~-574247c9-c198-4017-9269-15287baed7b1]: BUSY"}}
[debug] [2021-04-06T10:26:26.696Z] [runtime-status] [6428] Functions runtime initialized. {"cwd":"C:\\Users\\jaspe\\Desktop\\Ukay2ph\\ukay-ukay\\functions","node_version":"12.16.3"} {"metadata":{"emulator":{"name":"functions"},"message":"[runtime-status] [6428] Functions runtime initialized. {\"cwd\":\"C:\\\\Users\\\\jaspe\\\\Desktop\\\\Ukay2ph\\\\ukay-ukay\\\\functions\",\"node_version\":\"12.16.3\"}"}}
[debug] [2021-04-06T10:26:26.697Z] [runtime-status] [6428] Disabled runtime features: undefined {"metadata":{"emulator":{"name":"functions"},"message":"[runtime-status] [6428] Disabled runtime features: undefined"}}
[debug] [2021-04-06T10:26:26.798Z] [runtime-status] [6428] Resolved module firebase-admin {"declared":true,"installed":true,"version":"9.4.1","resolution":"C:\\Users\\jaspe\\Desktop\\Ukay2ph\\ukay-ukay\\functions\\node_modules\\firebase-admin\\lib\\index.js"} {"metadata":{"emulator":{"name":"functions"},"message":"[runtime-status] [6428] Resolved module firebase-admin {\"declared\":true,\"installed\":true,\"version\":\"9.4.1\",\"resolution\":\"C:\\\\Users\\\\jaspe\\\\Desktop\\\\Ukay2ph\\\\ukay-ukay\\\\functions\\\\node_modules\\\\firebase-admin\\\\lib\\\\index.js\"}"}}
[debug] [2021-04-06T10:26:26.882Z] [runtime-status] [6428] Resolved module firebase-functions {"declared":true,"installed":true,"version":"3.11.0","resolution":"C:\\Users\\jaspe\\Desktop\\Ukay2ph\\ukay-ukay\\functions\\node_modules\\firebase-functions\\lib\\index.js"} {"metadata":{"emulator":{"name":"functions"},"message":"[runtime-status] [6428] Resolved module firebase-functions {\"declared\":true,\"installed\":true,\"version\":\"3.11.0\",\"resolution\":\"C:\\\\Users\\\\jaspe\\\\Desktop\\\\Ukay2ph\\\\ukay-ukay\\\\functions\\\\node_modules\\\\firebase-functions\\\\lib\\\\index.js\"}"}}
[debug] [2021-04-06T10:26:26.884Z] [runtime-status] [6428] Resolved module firebase-functions {"declared":true,"installed":true,"version":"3.11.0","resolution":"C:\\Users\\jaspe\\Desktop\\Ukay2ph\\ukay-ukay\\functions\\node_modules\\firebase-functions\\lib\\index.js"} {"metadata":{"emulator":{"name":"functions"},"message":"[runtime-status] [6428] Resolved module firebase-functions {\"declared\":true,\"installed\":true,\"version\":\"3.11.0\",\"resolution\":\"C:\\\\Users\\\\jaspe\\\\Desktop\\\\Ukay2ph\\\\ukay-ukay\\\\functions\\\\node_modules\\\\firebase-functions\\\\lib\\\\index.js\"}"}}
[debug] [2021-04-06T10:26:26.887Z] [runtime-status] [6428] Outgoing network have been stubbed. [{"name":"http","status":"mocked"},{"name":"http","status":"mocked"},{"name":"https","status":"mocked"},{"name":"https","status":"mocked"},{"name":"net","status":"mocked"}] {"metadata":{"emulator":{"name":"functions"},"message":"[runtime-status] [6428] Outgoing network have been stubbed. [{\"name\":\"http\",\"status\":\"mocked\"},{\"name\":\"http\",\"status\":\"mocked\"},{\"name\":\"https\",\"status\":\"mocked\"},{\"name\":\"https\",\"status\":\"mocked\"},{\"name\":\"net\",\"status\":\"mocked\"}]"}}
[debug] [2021-04-06T10:26:26.889Z] [runtime-status] [6428] Resolved module firebase-functions {"declared":true,"installed":true,"version":"3.11.0","resolution":"C:\\Users\\jaspe\\Desktop\\Ukay2ph\\ukay-ukay\\functions\\node_modules\\firebase-functions\\lib\\index.js"} {"metadata":{"emulator":{"name":"functions"},"message":"[runtime-status] [6428] Resolved module firebase-functions {\"declared\":true,\"installed\":true,\"version\":\"3.11.0\",\"resolution\":\"C:\\\\Users\\\\jaspe\\\\Desktop\\\\Ukay2ph\\\\ukay-ukay\\\\functions\\\\node_modules\\\\firebase-functions\\\\lib\\\\index.js\"}"}}
[debug] [2021-04-06T10:26:28.314Z] [runtime-status] [6428] Checked functions.config() {"config":{}} {"metadata":{"emulator":{"name":"functions"},"message":"[runtime-status] [6428] Checked functions.config() {\"config\":{}}"}}
[debug] [2021-04-06T10:26:28.315Z] [runtime-status] [6428] firebase-functions has been stubbed. {"functionsResolution":{"declared":true,"installed":true,"version":"3.11.0","resolution":"C:\\Users\\jaspe\\Desktop\\Ukay2ph\\ukay-ukay\\functions\\node_modules\\firebase-functions\\lib\\index.js"}} {"metadata":{"emulator":{"name":"functions"},"message":"[runtime-status] [6428] firebase-functions has been stubbed. {\"functionsResolution\":{\"declared\":true,\"installed\":true,\"version\":\"3.11.0\",\"resolution\":\"C:\\\\Users\\\\jaspe\\\\Desktop\\\\Ukay2ph\\\\ukay-ukay\\\\functions\\\\node_modules\\\\firebase-functions\\\\lib\\\\index.js\"}}"}}
[debug] [2021-04-06T10:26:28.317Z] [runtime-status] [6428] Resolved module firebase-functions {"declared":true,"installed":true,"version":"3.11.0","resolution":"C:\\Users\\jaspe\\Desktop\\Ukay2ph\\ukay-ukay\\functions\\node_modules\\firebase-functions\\lib\\index.js"} {"metadata":{"emulator":{"name":"functions"},"message":"[runtime-status] [6428] Resolved module firebase-functions {\"declared\":true,\"installed\":true,\"version\":\"3.11.0\",\"resolution\":\"C:\\\\Users\\\\jaspe\\\\Desktop\\\\Ukay2ph\\\\ukay-ukay\\\\functions\\\\node_modules\\\\firebase-functions\\\\lib\\\\index.js\"}"}}
[debug] [2021-04-06T10:26:28.318Z] [runtime-status] [6428] Resolved module firebase-admin {"declared":true,"installed":true,"version":"9.4.1","resolution":"C:\\Users\\jaspe\\Desktop\\Ukay2ph\\ukay-ukay\\functions\\node_modules\\firebase-admin\\lib\\index.js"} {"metadata":{"emulator":{"name":"functions"},"message":"[runtime-status] [6428] Resolved module firebase-admin {\"declared\":true,\"installed\":true,\"version\":\"9.4.1\",\"resolution\":\"C:\\\\Users\\\\jaspe\\\\Desktop\\\\Ukay2ph\\\\ukay-ukay\\\\functions\\\\node_modules\\\\firebase-admin\\\\lib\\\\index.js\"}"}}
[debug] [2021-04-06T10:26:28.319Z] [runtime-status] [6428] Resolved module firebase-functions {"declared":true,"installed":true,"version":"3.11.0","resolution":"C:\\Users\\jaspe\\Desktop\\Ukay2ph\\ukay-ukay\\functions\\node_modules\\firebase-functions\\lib\\index.js"} {"metadata":{"emulator":{"name":"functions"},"message":"[runtime-status] [6428] Resolved module firebase-functions {\"declared\":true,\"installed\":true,\"version\":\"3.11.0\",\"resolution\":\"C:\\\\Users\\\\jaspe\\\\Desktop\\\\Ukay2ph\\\\ukay-ukay\\\\functions\\\\node_modules\\\\firebase-functions\\\\lib\\\\index.js\"}"}}
[debug] [2021-04-06T10:26:28.320Z] [runtime-status] [6428] firebase-admin has been stubbed. {"adminResolution":{"declared":true,"installed":true,"version":"9.4.1","resolution":"C:\\Users\\jaspe\\Desktop\\Ukay2ph\\ukay-ukay\\functions\\node_modules\\firebase-admin\\lib\\index.js"}} {"metadata":{"emulator":{"name":"functions"},"message":"[runtime-status] [6428] firebase-admin has been stubbed. {\"adminResolution\":{\"declared\":true,\"installed\":true,\"version\":\"9.4.1\",\"resolution\":\"C:\\\\Users\\\\jaspe\\\\Desktop\\\\Ukay2ph\\\\ukay-ukay\\\\functions\\\\node_modules\\\\firebase-admin\\\\lib\\\\index.js\"}}"}}
[debug] [2021-04-06T10:26:35.854Z] [runtime-status] [6428] initializeApp(DEFAULT) {"databaseURL":"https://ukay-58a99.firebaseio.com","storageBucket":"ukay-58a99.appspot.com","projectId":"ukay-58a99"} {"metadata":{"emulator":{"name":"functions"},"message":"[runtime-status] [6428] initializeApp(DEFAULT) {\"databaseURL\":\"https://ukay-58a99.firebaseio.com\",\"storageBucket\":\"ukay-58a99.appspot.com\",\"projectId\":\"ukay-58a99\"}"}}
[info] +  functions[api]: http function initialized (http://localhost:5001/ukay-58a99/us-central1/api). {"metadata":{"emulator":{"name":"functions"},"message":"\u001b[1mhttp\u001b[22m function initialized (http://localhost:5001/ukay-58a99/us-central1/api)."}}
[info] 
┌────────────────────────────────────────────────────────────────┐
│ ✔  All emulators ready! View status and logs at localhost:4000 │
└────────────────────────────────────────────────────────────────┘

┌───────────┬────────────────┬──────────────────────────┐
│ Emulator  │ Host:Port      │ View in Emulator UI      │
├───────────┼────────────────┼──────────────────────────┤
│ Functions │ localhost:5001 │ localhost:4000/functions │
├───────────┼────────────────┼──────────────────────────┤
│ Hosting   │ localhost:5000 │ n/a                      │
└───────────┴────────────────┴──────────────────────────┘
  Other reserved ports: 4400, 4500

Issues? Report them at https://github.com/firebase/firebase-tools/issues and attach the *-debug.log files.
 
[debug] [2021-04-06T10:26:36.185Z] [worker-~diagnostic~-574247c9-c198-4017-9269-15287baed7b1]: IDLE {"metadata":{"emulator":{"name":"functions"},"message":"[worker-~diagnostic~-574247c9-c198-4017-9269-15287baed7b1]: IDLE"}}
[debug] [2021-04-06T10:30:58.975Z] [work-queue] {"queueLength":1,"workRunningCount":0}
[debug] [2021-04-06T10:30:58.976Z] [work-queue] {"queueLength":0,"workRunningCount":1}
[debug] [2021-04-06T10:30:58.977Z] Accepted request POST /ukay-58a99/us-central1/api/payments/create?total=92302 --> api
[debug] [2021-04-06T10:30:58.985Z] [worker-pool] addWorker(api) {"metadata":{"emulator":{"name":"functions"},"message":"[worker-pool] addWorker(api)"}}
[debug] [2021-04-06T10:30:58.986Z] [worker-pool] Adding worker with key api, total=1 {"metadata":{"emulator":{"name":"functions"},"message":"[worker-pool] Adding worker with key api, total=1"}}
[debug] [2021-04-06T10:30:58.986Z] [worker-pool] submitWork(triggerId=api) {"metadata":{"emulator":{"name":"functions"},"message":"[worker-pool] submitWork(triggerId=api)"}}
[debug] [2021-04-06T10:30:58.986Z] [worker-api-058dafdc-7a23-4b74-8c15-eead9cba0e9a]: Assigning socketPath: \\?\pipe\C:\Users\jaspe\Desktop\Ukay2ph\ukay-ukay\functions\8876 {"metadata":{"emulator":{"name":"functions"},"message":"[worker-api-058dafdc-7a23-4b74-8c15-eead9cba0e9a]: Assigning socketPath: \\\\?\\pipe\\C:\\Users\\jaspe\\Desktop\\Ukay2ph\\ukay-ukay\\functions\\8876"}}
[debug] [2021-04-06T10:30:58.987Z] [worker-api-058dafdc-7a23-4b74-8c15-eead9cba0e9a]: BUSY {"metadata":{"emulator":{"name":"functions"},"message":"[worker-api-058dafdc-7a23-4b74-8c15-eead9cba0e9a]: BUSY"}}
[debug] [2021-04-06T10:30:59.621Z] [runtime-status] [8876] Functions runtime initialized. {"cwd":"C:\\Users\\jaspe\\Desktop\\Ukay2ph\\ukay-ukay\\functions","node_version":"12.16.3"} {"metadata":{"emulator":{"name":"functions"},"function":{"name":"api"},"message":"[runtime-status] [8876] Functions runtime initialized. {\"cwd\":\"C:\\\\Users\\\\jaspe\\\\Desktop\\\\Ukay2ph\\\\ukay-ukay\\\\functions\",\"node_version\":\"12.16.3\"}"}}
[debug] [2021-04-06T10:30:59.624Z] [runtime-status] [8876] Disabled runtime features: undefined {"metadata":{"emulator":{"name":"functions"},"function":{"name":"api"},"message":"[runtime-status] [8876] Disabled runtime features: undefined"}}
[debug] [2021-04-06T10:30:59.643Z] [runtime-status] [8876] Resolved module firebase-admin {"declared":true,"installed":true,"version":"9.4.1","resolution":"C:\\Users\\jaspe\\Desktop\\Ukay2ph\\ukay-ukay\\functions\\node_modules\\firebase-admin\\lib\\index.js"} {"metadata":{"emulator":{"name":"functions"},"function":{"name":"api"},"message":"[runtime-status] [8876] Resolved module firebase-admin {\"declared\":true,\"installed\":true,\"version\":\"9.4.1\",\"resolution\":\"C:\\\\Users\\\\jaspe\\\\Desktop\\\\Ukay2ph\\\\ukay-ukay\\\\functions\\\\node_modules\\\\firebase-admin\\\\lib\\\\index.js\"}"}}
[debug] [2021-04-06T10:30:59.646Z] [runtime-status] [8876] Resolved module firebase-functions {"declared":true,"installed":true,"version":"3.11.0","resolution":"C:\\Users\\jaspe\\Desktop\\Ukay2ph\\ukay-ukay\\functions\\node_modules\\firebase-functions\\lib\\index.js"} {"metadata":{"emulator":{"name":"functions"},"function":{"name":"api"},"message":"[runtime-status] [8876] Resolved module firebase-functions {\"declared\":true,\"installed\":true,\"version\":\"3.11.0\",\"resolution\":\"C:\\\\Users\\\\jaspe\\\\Desktop\\\\Ukay2ph\\\\ukay-ukay\\\\functions\\\\node_modules\\\\firebase-functions\\\\lib\\\\index.js\"}"}}
[debug] [2021-04-06T10:30:59.649Z] [runtime-status] [8876] Resolved module firebase-functions {"declared":true,"installed":true,"version":"3.11.0","resolution":"C:\\Users\\jaspe\\Desktop\\Ukay2ph\\ukay-ukay\\functions\\node_modules\\firebase-functions\\lib\\index.js"} {"metadata":{"emulator":{"name":"functions"},"function":{"name":"api"},"message":"[runtime-status] [8876] Resolved module firebase-functions {\"declared\":true,\"installed\":true,\"version\":\"3.11.0\",\"resolution\":\"C:\\\\Users\\\\jaspe\\\\Desktop\\\\Ukay2ph\\\\ukay-ukay\\\\functions\\\\node_modules\\\\firebase-functions\\\\lib\\\\index.js\"}"}}
[debug] [2021-04-06T10:30:59.655Z] [runtime-status] [8876] Outgoing network have been stubbed. [{"name":"http","status":"mocked"},{"name":"http","status":"mocked"},{"name":"https","status":"mocked"},{"name":"https","status":"mocked"},{"name":"net","status":"mocked"}] {"metadata":{"emulator":{"name":"functions"},"function":{"name":"api"},"message":"[runtime-status] [8876] Outgoing network have been stubbed. [{\"name\":\"http\",\"status\":\"mocked\"},{\"name\":\"http\",\"status\":\"mocked\"},{\"name\":\"https\",\"status\":\"mocked\"},{\"name\":\"https\",\"status\":\"mocked\"},{\"name\":\"net\",\"status\":\"mocked\"}]"}}
[debug] [2021-04-06T10:30:59.656Z] [runtime-status] [8876] Resolved module firebase-functions {"declared":true,"installed":true,"version":"3.11.0","resolution":"C:\\Users\\jaspe\\Desktop\\Ukay2ph\\ukay-ukay\\functions\\node_modules\\firebase-functions\\lib\\index.js"} {"metadata":{"emulator":{"name":"functions"},"function":{"name":"api"},"message":"[runtime-status] [8876] Resolved module firebase-functions {\"declared\":true,\"installed\":true,\"version\":\"3.11.0\",\"resolution\":\"C:\\\\Users\\\\jaspe\\\\Desktop\\\\Ukay2ph\\\\ukay-ukay\\\\functions\\\\node_modules\\\\firebase-functions\\\\lib\\\\index.js\"}"}}
[debug] [2021-04-06T10:30:59.795Z] [runtime-status] [8876] Checked functions.config() {"config":{}} {"metadata":{"emulator":{"name":"functions"},"function":{"name":"api"},"message":"[runtime-status] [8876] Checked functions.config() {\"config\":{}}"}}
[debug] [2021-04-06T10:30:59.795Z] [runtime-status] [8876] firebase-functions has been stubbed. {"functionsResolution":{"declared":true,"installed":true,"version":"3.11.0","resolution":"C:\\Users\\jaspe\\Desktop\\Ukay2ph\\ukay-ukay\\functions\\node_modules\\firebase-functions\\lib\\index.js"}} {"metadata":{"emulator":{"name":"functions"},"function":{"name":"api"},"message":"[runtime-status] [8876] firebase-functions has been stubbed. {\"functionsResolution\":{\"declared\":true,\"installed\":true,\"version\":\"3.11.0\",\"resolution\":\"C:\\\\Users\\\\jaspe\\\\Desktop\\\\Ukay2ph\\\\ukay-ukay\\\\functions\\\\node_modules\\\\firebase-functions\\\\lib\\\\index.js\"}}"}}
[debug] [2021-04-06T10:30:59.796Z] [runtime-status] [8876] Resolved module firebase-functions {"declared":true,"installed":true,"version":"3.11.0","resolution":"C:\\Users\\jaspe\\Desktop\\Ukay2ph\\ukay-ukay\\functions\\node_modules\\firebase-functions\\lib\\index.js"} {"metadata":{"emulator":{"name":"functions"},"function":{"name":"api"},"message":"[runtime-status] [8876] Resolved module firebase-functions {\"declared\":true,\"installed\":true,\"version\":\"3.11.0\",\"resolution\":\"C:\\\\Users\\\\jaspe\\\\Desktop\\\\Ukay2ph\\\\ukay-ukay\\\\functions\\\\node_modules\\\\firebase-functions\\\\lib\\\\index.js\"}"}}
[debug] [2021-04-06T10:30:59.799Z] [runtime-status] [8876] Resolved module firebase-admin {"declared":true,"installed":true,"version":"9.4.1","resolution":"C:\\Users\\jaspe\\Desktop\\Ukay2ph\\ukay-ukay\\functions\\node_modules\\firebase-admin\\lib\\index.js"} {"metadata":{"emulator":{"name":"functions"},"function":{"name":"api"},"message":"[runtime-status] [8876] Resolved module firebase-admin {\"declared\":true,\"installed\":true,\"version\":\"9.4.1\",\"resolution\":\"C:\\\\Users\\\\jaspe\\\\Desktop\\\\Ukay2ph\\\\ukay-ukay\\\\functions\\\\node_modules\\\\firebase-admin\\\\lib\\\\index.js\"}"}}
[debug] [2021-04-06T10:30:59.801Z] [runtime-status] [8876] Resolved module firebase-functions {"declared":true,"installed":true,"version":"3.11.0","resolution":"C:\\Users\\jaspe\\Desktop\\Ukay2ph\\ukay-ukay\\functions\\node_modules\\firebase-functions\\lib\\index.js"} {"metadata":{"emulator":{"name":"functions"},"function":{"name":"api"},"message":"[runtime-status] [8876] Resolved module firebase-functions {\"declared\":true,\"installed\":true,\"version\":\"3.11.0\",\"resolution\":\"C:\\\\Users\\\\jaspe\\\\Desktop\\\\Ukay2ph\\\\ukay-ukay\\\\functions\\\\node_modules\\\\firebase-functions\\\\lib\\\\index.js\"}"}}
[debug] [2021-04-06T10:30:59.802Z] [runtime-status] [8876] firebase-admin has been stubbed. {"adminResolution":{"declared":true,"installed":true,"version":"9.4.1","resolution":"C:\\Users\\jaspe\\Desktop\\Ukay2ph\\ukay-ukay\\functions\\node_modules\\firebase-admin\\lib\\index.js"}} {"metadata":{"emulator":{"name":"functions"},"function":{"name":"api"},"message":"[runtime-status] [8876] firebase-admin has been stubbed. {\"adminResolution\":{\"declared\":true,\"installed\":true,\"version\":\"9.4.1\",\"resolution\":\"C:\\\\Users\\\\jaspe\\\\Desktop\\\\Ukay2ph\\\\ukay-ukay\\\\functions\\\\node_modules\\\\firebase-admin\\\\lib\\\\index.js\"}}"}}
[debug] [2021-04-06T10:31:00.181Z] [runtime-status] [8876] initializeApp(DEFAULT) {"databaseURL":"https://ukay-58a99.firebaseio.com","storageBucket":"ukay-58a99.appspot.com","projectId":"ukay-58a99"} {"metadata":{"emulator":{"name":"functions"},"function":{"name":"api"},"message":"[runtime-status] [8876] initializeApp(DEFAULT) {\"databaseURL\":\"https://ukay-58a99.firebaseio.com\",\"storageBucket\":\"ukay-58a99.appspot.com\",\"projectId\":\"ukay-58a99\"}"}}
[debug] [2021-04-06T10:31:00.302Z] [runtime-status] [8876] Trigger "api" has been found, beginning invocation! {"metadata":{"emulator":{"name":"functions"},"function":{"name":"api"},"message":"[runtime-status] [8876] Trigger \"api\" has been found, beginning invocation!"}}
[info] i  functions: Beginning execution of "api" {"metadata":{"emulator":{"name":"functions"},"function":{"name":"api"},"message":"Beginning execution of \"api\""}}
[debug] [2021-04-06T10:31:00.304Z] [runtime-status] [8876] triggerDefinition {"httpsTrigger":{},"name":"api","entryPoint":"api"} {"metadata":{"emulator":{"name":"functions"},"function":{"name":"api"},"message":"[runtime-status] [8876] triggerDefinition {\"httpsTrigger\":{},\"name\":\"api\",\"entryPoint\":\"api\"}"}}
[debug] [2021-04-06T10:31:00.305Z] [runtime-status] [8876] Running api in mode HTTPS {"metadata":{"emulator":{"name":"functions"},"function":{"name":"api"},"message":"[runtime-status] [8876] Running api in mode HTTPS"}}
[debug] [2021-04-06T10:31:00.313Z] [runtime-status] [8876] Attempting to listen to socketPath: \\?\pipe\C:\Users\jaspe\Desktop\Ukay2ph\ukay-ukay\functions\8876 {"metadata":{"emulator":{"name":"functions"},"function":{"name":"api"},"message":"[runtime-status] [8876] Attempting to listen to socketPath: \\\\?\\pipe\\C:\\Users\\jaspe\\Desktop\\Ukay2ph\\ukay-ukay\\functions\\8876"}}
[debug] [2021-04-06T10:31:00.320Z] [functions] Runtime ready! Sending request! {"metadata":{"emulator":{"name":"functions"},"message":"[functions] Runtime ready! Sending request!"}}
[debug] [2021-04-06T10:31:00.347Z] [runtime-status] [8876] Ephemeral server handling POST request {"metadata":{"emulator":{"name":"functions"},"function":{"name":"api"},"message":"[runtime-status] [8876] Ephemeral server handling POST request"}}
[info] >  Payment Request Recieved for this amount >>> 92302 {"user":"Payment Request Recieved for this amount >>> 92302","metadata":{"emulator":{"name":"functions"},"function":{"name":"api"},"message":"\u001b[90m> \u001b[39m Payment Request Recieved for this amount >>> 92302"}}
[debug] [2021-04-06T10:31:00.373Z] [runtime-status] [8876] Ephemeral server survived. {"metadata":{"emulator":{"name":"functions"},"function":{"name":"api"},"message":"[runtime-status] [8876] Ephemeral server survived."}}
[info] i  functions: Finished "api" in ~1s {"metadata":{"emulator":{"name":"functions"},"function":{"name":"api"},"message":"Finished \"api\" in ~1s"}}
[debug] [2021-04-06T10:31:01.380Z] [worker-api-058dafdc-7a23-4b74-8c15-eead9cba0e9a]: IDLE {"metadata":{"emulator":{"name":"functions"},"message":"[worker-api-058dafdc-7a23-4b74-8c15-eead9cba0e9a]: IDLE"}}
[debug] [2021-04-06T10:31:01.381Z] [work-queue] {"queueLength":0,"workRunningCount":0}
[debug] [2021-04-06T10:31:11.687Z] [work-queue] {"queueLength":1,"workRunningCount":0}
[debug] [2021-04-06T10:31:11.687Z] [work-queue] {"queueLength":0,"workRunningCount":1}
[debug] [2021-04-06T10:31:11.687Z] Accepted request POST /ukay-58a99/us-central1/api/payments/create?total=0 --> api
[debug] [2021-04-06T10:31:11.687Z] [worker-pool] submitWork(triggerId=api) {"metadata":{"emulator":{"name":"functions"},"message":"[worker-pool] submitWork(triggerId=api)"}}
[debug] [2021-04-06T10:31:11.688Z] [worker-api-058dafdc-7a23-4b74-8c15-eead9cba0e9a]: Assigning socketPath: \\?\pipe\C:\Users\jaspe\Desktop\Ukay2ph\ukay-ukay\functions\8876 {"metadata":{"emulator":{"name":"functions"},"message":"[worker-api-058dafdc-7a23-4b74-8c15-eead9cba0e9a]: Assigning socketPath: \\\\?\\pipe\\C:\\Users\\jaspe\\Desktop\\Ukay2ph\\ukay-ukay\\functions\\8876"}}
[debug] [2021-04-06T10:31:11.688Z] [worker-api-058dafdc-7a23-4b74-8c15-eead9cba0e9a]: BUSY {"metadata":{"emulator":{"name":"functions"},"message":"[worker-api-058dafdc-7a23-4b74-8c15-eead9cba0e9a]: BUSY"}}
[debug] [2021-04-06T10:31:11.689Z] [runtime-status] [8876] Trigger "api" has been found, beginning invocation! {"metadata":{"emulator":{"name":"functions"},"function":{"name":"api"},"message":"[runtime-status] [8876] Trigger \"api\" has been found, beginning invocation!"}}
[info] i  functions: Beginning execution of "api" {"metadata":{"emulator":{"name":"functions"},"function":{"name":"api"},"message":"Beginning execution of \"api\""}}
[debug] [2021-04-06T10:31:11.690Z] [runtime-status] [8876] triggerDefinition {"httpsTrigger":{},"name":"api","entryPoint":"api"} {"metadata":{"emulator":{"name":"functions"},"function":{"name":"api"},"message":"[runtime-status] [8876] triggerDefinition {\"httpsTrigger\":{},\"name\":\"api\",\"entryPoint\":\"api\"}"}}
[debug] [2021-04-06T10:31:11.691Z] [runtime-status] [8876] Running api in mode HTTPS {"metadata":{"emulator":{"name":"functions"},"function":{"name":"api"},"message":"[runtime-status] [8876] Running api in mode HTTPS"}}
[debug] [2021-04-06T10:31:11.691Z] [runtime-status] [8876] Attempting to listen to socketPath: \\?\pipe\C:\Users\jaspe\Desktop\Ukay2ph\ukay-ukay\functions\8876 {"metadata":{"emulator":{"name":"functions"},"function":{"name":"api"},"message":"[runtime-status] [8876] Attempting to listen to socketPath: \\\\?\\pipe\\C:\\Users\\jaspe\\Desktop\\Ukay2ph\\ukay-ukay\\functions\\8876"}}
[debug] [2021-04-06T10:31:11.693Z] [functions] Runtime ready! Sending request! {"metadata":{"emulator":{"name":"functions"},"message":"[functions] Runtime ready! Sending request!"}}
[debug] [2021-04-06T10:31:11.698Z] [runtime-status] [8876] Ephemeral server handling POST request {"metadata":{"emulator":{"name":"functions"},"function":{"name":"api"},"message":"[runtime-status] [8876] Ephemeral server handling POST request"}}
[info] >  Payment Request Recieved for this amount >>> 0 {"user":"Payment Request Recieved for this amount >>> 0","metadata":{"emulator":{"name":"functions"},"function":{"name":"api"},"message":"\u001b[90m> \u001b[39m Payment Request Recieved for this amount >>> 0"}}
[debug] [2021-04-06T10:31:11.701Z] [runtime-status] [8876] Ephemeral server survived. {"metadata":{"emulator":{"name":"functions"},"function":{"name":"api"},"message":"[runtime-status] [8876] Ephemeral server survived."}}
[info] >  (node:8876) UnhandledPromiseRejectionWarning: Error: This value must be greater than or equal to 1. {"user":"(node:8876) UnhandledPromiseRejectionWarning: Error: This value must be greater than or equal to 1.","metadata":{"emulator":{"name":"functions"},"function":{"name":"api"},"message":"\u001b[90m> \u001b[39m (node:8876) UnhandledPromiseRejectionWarning: Error: This value must be greater than or equal to 1."}}
[info] >      at Function.generate (C:\Users\jaspe\Desktop\Ukay2ph\ukay-ukay\functions\node_modules\stripe\lib\Error.js:40:16) {"user":"    at Function.generate (C:\\Users\\jaspe\\Desktop\\Ukay2ph\\ukay-ukay\\functions\\node_modules\\stripe\\lib\\Error.js:40:16)","metadata":{"emulator":{"name":"functions"},"function":{"name":"api"},"message":"\u001b[90m> \u001b[39m     at Function.generate (C:\\Users\\jaspe\\Desktop\\Ukay2ph\\ukay-ukay\\functions\\node_modules\\stripe\\lib\\Error.js:40:16)"}}
[info] >      at IncomingMessage.<anonymous> (C:\Users\jaspe\Desktop\Ukay2ph\ukay-ukay\functions\node_modules\stripe\lib\StripeResource.js:190:33) {"user":"    at IncomingMessage.<anonymous> (C:\\Users\\jaspe\\Desktop\\Ukay2ph\\ukay-ukay\\functions\\node_modules\\stripe\\lib\\StripeResource.js:190:33)","metadata":{"emulator":{"name":"functions"},"function":{"name":"api"},"message":"\u001b[90m> \u001b[39m     at IncomingMessage.<anonymous> (C:\\Users\\jaspe\\Desktop\\Ukay2ph\\ukay-ukay\\functions\\node_modules\\stripe\\lib\\StripeResource.js:190:33)"}}
[info] >      at Object.onceWrapper (events.js:416:28) {"user":"    at Object.onceWrapper (events.js:416:28)","metadata":{"emulator":{"name":"functions"},"function":{"name":"api"},"message":"\u001b[90m> \u001b[39m     at Object.onceWrapper (events.js:416:28)"}}
[info] >      at IncomingMessage.emit (events.js:322:22) {"user":"    at IncomingMessage.emit (events.js:322:22)","metadata":{"emulator":{"name":"functions"},"function":{"name":"api"},"message":"\u001b[90m> \u001b[39m     at IncomingMessage.emit (events.js:322:22)"}}
[info] >      at endReadableNT (_stream_readable.js:1187:12) {"user":"    at endReadableNT (_stream_readable.js:1187:12)","metadata":{"emulator":{"name":"functions"},"function":{"name":"api"},"message":"\u001b[90m> \u001b[39m     at endReadableNT (_stream_readable.js:1187:12)"}}
[info] >      at processTicksAndRejections (internal/process/task_queues.js:84:21) {"user":"    at processTicksAndRejections (internal/process/task_queues.js:84:21)","metadata":{"emulator":{"name":"functions"},"function":{"name":"api"},"message":"\u001b[90m> \u001b[39m     at processTicksAndRejections (internal/process/task_queues.js:84:21)"}}
[info] >  (node:8876) UnhandledPromiseRejectionWarning: Unhandled promise rejection. This error originated either by throwing inside of an async function without a catch block, or by rejecting a promise which was not handled with .catch(). To terminate the node process on unhandled promise rejection, use the CLI flag `--unhandled-rejections=strict` (see https://nodejs.org/api/cli.html#cli_unhandled_rejections_mode). (rejection id: 1) {"user":"(node:8876) UnhandledPromiseRejectionWarning: Unhandled promise rejection. This error originated either by throwing inside of an async function without a catch block, or by rejecting a promise which was not handled with .catch(). To terminate the node process on unhandled promise rejection, use the CLI flag `--unhandled-rejections=strict` (see https://nodejs.org/api/cli.html#cli_unhandled_rejections_mode). (rejection id: 1)","metadata":{"emulator":{"name":"functions"},"function":{"name":"api"},"message":"\u001b[90m> \u001b[39m (node:8876) UnhandledPromiseRejectionWarning: Unhandled promise rejection. This error originated either by throwing inside of an async function without a catch block, or by rejecting a promise which was not handled with .catch(). To terminate the node process on unhandled promise rejection, use the CLI flag `--unhandled-rejections=strict` (see https://nodejs.org/api/cli.html#cli_unhandled_rejections_mode). (rejection id: 1)"}}
[info] >  (node:8876) [DEP0018] DeprecationWarning: Unhandled promise rejections are deprecated. In the future, promise rejections that are not handled will terminate the Node.js process with a non-zero exit code. {"user":"(node:8876) [DEP0018] DeprecationWarning: Unhandled promise rejections are deprecated. In the future, promise rejections that are not handled will terminate the Node.js process with a non-zero exit code.","metadata":{"emulator":{"name":"functions"},"function":{"name":"api"},"message":"\u001b[90m> \u001b[39m (node:8876) [DEP0018] DeprecationWarning: Unhandled promise rejections are deprecated. In the future, promise rejections that are not handled will terminate the Node.js process with a non-zero exit code."}}
[warn] !  functions: Your function timed out after ~60s. To configure this timeout, see
      https://firebase.google.com/docs/functions/manage-functions#set_timeout_and_memory_allocation. {"metadata":{"emulator":{"name":"functions"},"function":{"name":"api"},"message":"Your function timed out after ~60s. To configure this timeout, see\n      https://firebase.google.com/docs/functions/manage-functions#set_timeout_and_memory_allocation."}}
[info] >  C:\Users\jaspe\AppData\Roaming\npm\node_modules\firebase-tools\lib\emulator\functionsEmulatorRuntime.js:668 {"user":"C:\\Users\\jaspe\\AppData\\Roaming\\npm\\node_modules\\firebase-tools\\lib\\emulator\\functionsEmulatorRuntime.js:668\r","metadata":{"emulator":{"name":"functions"},"function":{"name":"api"},"message":"\u001b[90m> \u001b[39m C:\\Users\\jaspe\\AppData\\Roaming\\npm\\node_modules\\firebase-tools\\lib\\emulator\\functionsEmulatorRuntime.js:668\r"}}
[info] >                  throw new Error("Function timed out."); {"user":"                throw new Error(\"Function timed out.\");\r","metadata":{"emulator":{"name":"functions"},"function":{"name":"api"},"message":"\u001b[90m> \u001b[39m                 throw new Error(\"Function timed out.\");\r"}}
[info] >                  ^ {"user":"                ^\r","metadata":{"emulator":{"name":"functions"},"function":{"name":"api"},"message":"\u001b[90m> \u001b[39m                 ^\r"}}
[info] >   {"user":"\r","metadata":{"emulator":{"name":"functions"},"function":{"name":"api"},"message":"\u001b[90m> \u001b[39m \r"}}
[info] >  Error: Function timed out. {"user":"Error: Function timed out.\r","metadata":{"emulator":{"name":"functions"},"function":{"name":"api"},"message":"\u001b[90m> \u001b[39m Error: Function timed out.\r"}}
[info] >      at Timeout._onTimeout (C:\Users\jaspe\AppData\Roaming\npm\node_modules\firebase-tools\lib\emulator\functionsEmulatorRuntime.js:668:23) {"user":"    at Timeout._onTimeout (C:\\Users\\jaspe\\AppData\\Roaming\\npm\\node_modules\\firebase-tools\\lib\\emulator\\functionsEmulatorRuntime.js:668:23)\r","metadata":{"emulator":{"name":"functions"},"function":{"name":"api"},"message":"\u001b[90m> \u001b[39m     at Timeout._onTimeout (C:\\Users\\jaspe\\AppData\\Roaming\\npm\\node_modules\\firebase-tools\\lib\\emulator\\functionsEmulatorRuntime.js:668:23)\r"}}
[info] >      at listOnTimeout (internal/timers.js:549:17) {"user":"    at listOnTimeout (internal/timers.js:549:17)\r","metadata":{"emulator":{"name":"functions"},"function":{"name":"api"},"message":"\u001b[90m> \u001b[39m     at listOnTimeout (internal/timers.js:549:17)\r"}}
[info] >      at processTimers (internal/timers.js:492:7) {"user":"    at processTimers (internal/timers.js:492:7)\r","metadata":{"emulator":{"name":"functions"},"function":{"name":"api"},"message":"\u001b[90m> \u001b[39m     at processTimers (internal/timers.js:492:7)\r"}}
[debug] [2021-04-06T10:32:11.728Z] [worker-api-058dafdc-7a23-4b74-8c15-eead9cba0e9a]: exited {"metadata":{"emulator":{"name":"functions"},"message":"[worker-api-058dafdc-7a23-4b74-8c15-eead9cba0e9a]: exited"}}
[debug] [2021-04-06T10:32:11.729Z] [worker-api-058dafdc-7a23-4b74-8c15-eead9cba0e9a]: FINISHED {"metadata":{"emulator":{"name":"functions"},"message":"[worker-api-058dafdc-7a23-4b74-8c15-eead9cba0e9a]: FINISHED"}}
[debug] [2021-04-06T10:32:11.729Z] [work-queue] {"queueLength":0,"workRunningCount":0}
[debug] [2021-04-06T10:39:32.920Z] [work-queue] {"queueLength":1,"workRunningCount":0}
[debug] [2021-04-06T10:39:32.921Z] [work-queue] {"queueLength":0,"workRunningCount":1}
[debug] [2021-04-06T10:39:32.921Z] Accepted request POST /ukay-58a99/us-central1/api/payments/create?total=163236 --> api
[debug] [2021-04-06T10:39:32.921Z] [worker-pool] Cleaned up workers for api: 1 --> 0 {"metadata":{"emulator":{"name":"functions"},"message":"[worker-pool] Cleaned up workers for api: 1 --> 0"}}
[debug] [2021-04-06T10:39:32.929Z] [worker-pool] addWorker(api) {"metadata":{"emulator":{"name":"functions"},"message":"[worker-pool] addWorker(api)"}}
[debug] [2021-04-06T10:39:32.930Z] [worker-pool] Adding worker with key api, total=1 {"metadata":{"emulator":{"name":"functions"},"message":"[worker-pool] Adding worker with key api, total=1"}}
[debug] [2021-04-06T10:39:32.930Z] [worker-pool] submitWork(triggerId=api) {"metadata":{"emulator":{"name":"functions"},"message":"[worker-pool] submitWork(triggerId=api)"}}
[debug] [2021-04-06T10:39:32.930Z] [worker-api-4eea5f30-2c4e-4798-8d41-2c2425a611eb]: Assigning socketPath: \\?\pipe\C:\Users\jaspe\Desktop\Ukay2ph\ukay-ukay\functions\9432 {"metadata":{"emulator":{"name":"functions"},"message":"[worker-api-4eea5f30-2c4e-4798-8d41-2c2425a611eb]: Assigning socketPath: \\\\?\\pipe\\C:\\Users\\jaspe\\Desktop\\Ukay2ph\\ukay-ukay\\functions\\9432"}}
[debug] [2021-04-06T10:39:32.931Z] [worker-api-4eea5f30-2c4e-4798-8d41-2c2425a611eb]: BUSY {"metadata":{"emulator":{"name":"functions"},"message":"[worker-api-4eea5f30-2c4e-4798-8d41-2c2425a611eb]: BUSY"}}
[debug] [2021-04-06T10:39:33.517Z] [runtime-status] [9432] Functions runtime initialized. {"cwd":"C:\\Users\\jaspe\\Desktop\\Ukay2ph\\ukay-ukay\\functions","node_version":"12.16.3"} {"metadata":{"emulator":{"name":"functions"},"function":{"name":"api"},"message":"[runtime-status] [9432] Functions runtime initialized. {\"cwd\":\"C:\\\\Users\\\\jaspe\\\\Desktop\\\\Ukay2ph\\\\ukay-ukay\\\\functions\",\"node_version\":\"12.16.3\"}"}}
[debug] [2021-04-06T10:39:33.522Z] [runtime-status] [9432] Disabled runtime features: undefined {"metadata":{"emulator":{"name":"functions"},"function":{"name":"api"},"message":"[runtime-status] [9432] Disabled runtime features: undefined"}}
[debug] [2021-04-06T10:39:33.529Z] [runtime-status] [9432] Resolved module firebase-admin {"declared":true,"installed":true,"version":"9.4.1","resolution":"C:\\Users\\jaspe\\Desktop\\Ukay2ph\\ukay-ukay\\functions\\node_modules\\firebase-admin\\lib\\index.js"} {"metadata":{"emulator":{"name":"functions"},"function":{"name":"api"},"message":"[runtime-status] [9432] Resolved module firebase-admin {\"declared\":true,\"installed\":true,\"version\":\"9.4.1\",\"resolution\":\"C:\\\\Users\\\\jaspe\\\\Desktop\\\\Ukay2ph\\\\ukay-ukay\\\\functions\\\\node_modules\\\\firebase-admin\\\\lib\\\\index.js\"}"}}
[debug] [2021-04-06T10:39:33.532Z] [runtime-status] [9432] Resolved module firebase-functions {"declared":true,"installed":true,"version":"3.11.0","resolution":"C:\\Users\\jaspe\\Desktop\\Ukay2ph\\ukay-ukay\\functions\\node_modules\\firebase-functions\\lib\\index.js"} {"metadata":{"emulator":{"name":"functions"},"function":{"name":"api"},"message":"[runtime-status] [9432] Resolved module firebase-functions {\"declared\":true,\"installed\":true,\"version\":\"3.11.0\",\"resolution\":\"C:\\\\Users\\\\jaspe\\\\Desktop\\\\Ukay2ph\\\\ukay-ukay\\\\functions\\\\node_modules\\\\firebase-functions\\\\lib\\\\index.js\"}"}}
[debug] [2021-04-06T10:39:33.534Z] [runtime-status] [9432] Resolved module firebase-functions {"declared":true,"installed":true,"version":"3.11.0","resolution":"C:\\Users\\jaspe\\Desktop\\Ukay2ph\\ukay-ukay\\functions\\node_modules\\firebase-functions\\lib\\index.js"} {"metadata":{"emulator":{"name":"functions"},"function":{"name":"api"},"message":"[runtime-status] [9432] Resolved module firebase-functions {\"declared\":true,\"installed\":true,\"version\":\"3.11.0\",\"resolution\":\"C:\\\\Users\\\\jaspe\\\\Desktop\\\\Ukay2ph\\\\ukay-ukay\\\\functions\\\\node_modules\\\\firebase-functions\\\\lib\\\\index.js\"}"}}
[debug] [2021-04-06T10:39:33.539Z] [runtime-status] [9432] Outgoing network have been stubbed. [{"name":"http","status":"mocked"},{"name":"http","status":"mocked"},{"name":"https","status":"mocked"},{"name":"https","status":"mocked"},{"name":"net","status":"mocked"}] {"metadata":{"emulator":{"name":"functions"},"function":{"name":"api"},"message":"[runtime-status] [9432] Outgoing network have been stubbed. [{\"name\":\"http\",\"status\":\"mocked\"},{\"name\":\"http\",\"status\":\"mocked\"},{\"name\":\"https\",\"status\":\"mocked\"},{\"name\":\"https\",\"status\":\"mocked\"},{\"name\":\"net\",\"status\":\"mocked\"}]"}}
[debug] [2021-04-06T10:39:33.540Z] [runtime-status] [9432] Resolved module firebase-functions {"declared":true,"installed":true,"version":"3.11.0","resolution":"C:\\Users\\jaspe\\Desktop\\Ukay2ph\\ukay-ukay\\functions\\node_modules\\firebase-functions\\lib\\index.js"} {"metadata":{"emulator":{"name":"functions"},"function":{"name":"api"},"message":"[runtime-status] [9432] Resolved module firebase-functions {\"declared\":true,\"installed\":true,\"version\":\"3.11.0\",\"resolution\":\"C:\\\\Users\\\\jaspe\\\\Desktop\\\\Ukay2ph\\\\ukay-ukay\\\\functions\\\\node_modules\\\\firebase-functions\\\\lib\\\\index.js\"}"}}
[debug] [2021-04-06T10:39:33.674Z] [runtime-status] [9432] Checked functions.config() {"config":{}} {"metadata":{"emulator":{"name":"functions"},"function":{"name":"api"},"message":"[runtime-status] [9432] Checked functions.config() {\"config\":{}}"}}
[debug] [2021-04-06T10:39:33.674Z] [runtime-status] [9432] firebase-functions has been stubbed. {"functionsResolution":{"declared":true,"installed":true,"version":"3.11.0","resolution":"C:\\Users\\jaspe\\Desktop\\Ukay2ph\\ukay-ukay\\functions\\node_modules\\firebase-functions\\lib\\index.js"}} {"metadata":{"emulator":{"name":"functions"},"function":{"name":"api"},"message":"[runtime-status] [9432] firebase-functions has been stubbed. {\"functionsResolution\":{\"declared\":true,\"installed\":true,\"version\":\"3.11.0\",\"resolution\":\"C:\\\\Users\\\\jaspe\\\\Desktop\\\\Ukay2ph\\\\ukay-ukay\\\\functions\\\\node_modules\\\\firebase-functions\\\\lib\\\\index.js\"}}"}}
[debug] [2021-04-06T10:39:33.675Z] [runtime-status] [9432] Resolved module firebase-functions {"declared":true,"installed":true,"version":"3.11.0","resolution":"C:\\Users\\jaspe\\Desktop\\Ukay2ph\\ukay-ukay\\functions\\node_modules\\firebase-functions\\lib\\index.js"} {"metadata":{"emulator":{"name":"functions"},"function":{"name":"api"},"message":"[runtime-status] [9432] Resolved module firebase-functions {\"declared\":true,\"installed\":true,\"version\":\"3.11.0\",\"resolution\":\"C:\\\\Users\\\\jaspe\\\\Desktop\\\\Ukay2ph\\\\ukay-ukay\\\\functions\\\\node_modules\\\\firebase-functions\\\\lib\\\\index.js\"}"}}
[debug] [2021-04-06T10:39:33.678Z] [runtime-status] [9432] Resolved module firebase-admin {"declared":true,"installed":true,"version":"9.4.1","resolution":"C:\\Users\\jaspe\\Desktop\\Ukay2ph\\ukay-ukay\\functions\\node_modules\\firebase-admin\\lib\\index.js"} {"metadata":{"emulator":{"name":"functions"},"function":{"name":"api"},"message":"[runtime-status] [9432] Resolved module firebase-admin {\"declared\":true,\"installed\":true,\"version\":\"9.4.1\",\"resolution\":\"C:\\\\Users\\\\jaspe\\\\Desktop\\\\Ukay2ph\\\\ukay-ukay\\\\functions\\\\node_modules\\\\firebase-admin\\\\lib\\\\index.js\"}"}}
[debug] [2021-04-06T10:39:33.679Z] [runtime-status] [9432] Resolved module firebase-functions {"declared":true,"installed":true,"version":"3.11.0","resolution":"C:\\Users\\jaspe\\Desktop\\Ukay2ph\\ukay-ukay\\functions\\node_modules\\firebase-functions\\lib\\index.js"} {"metadata":{"emulator":{"name":"functions"},"function":{"name":"api"},"message":"[runtime-status] [9432] Resolved module firebase-functions {\"declared\":true,\"installed\":true,\"version\":\"3.11.0\",\"resolution\":\"C:\\\\Users\\\\jaspe\\\\Desktop\\\\Ukay2ph\\\\ukay-ukay\\\\functions\\\\node_modules\\\\firebase-functions\\\\lib\\\\index.js\"}"}}
[debug] [2021-04-06T10:39:33.679Z] [runtime-status] [9432] firebase-admin has been stubbed. {"adminResolution":{"declared":true,"installed":true,"version":"9.4.1","resolution":"C:\\Users\\jaspe\\Desktop\\Ukay2ph\\ukay-ukay\\functions\\node_modules\\firebase-admin\\lib\\index.js"}} {"metadata":{"emulator":{"name":"functions"},"function":{"name":"api"},"message":"[runtime-status] [9432] firebase-admin has been stubbed. {\"adminResolution\":{\"declared\":true,\"installed\":true,\"version\":\"9.4.1\",\"resolution\":\"C:\\\\Users\\\\jaspe\\\\Desktop\\\\Ukay2ph\\\\ukay-ukay\\\\functions\\\\node_modules\\\\firebase-admin\\\\lib\\\\index.js\"}}"}}
[debug] [2021-04-06T10:39:33.967Z] [runtime-status] [9432] initializeApp(DEFAULT) {"databaseURL":"https://ukay-58a99.firebaseio.com","storageBucket":"ukay-58a99.appspot.com","projectId":"ukay-58a99"} {"metadata":{"emulator":{"name":"functions"},"function":{"name":"api"},"message":"[runtime-status] [9432] initializeApp(DEFAULT) {\"databaseURL\":\"https://ukay-58a99.firebaseio.com\",\"storageBucket\":\"ukay-58a99.appspot.com\",\"projectId\":\"ukay-58a99\"}"}}
[debug] [2021-04-06T10:39:34.113Z] [runtime-status] [9432] Trigger "api" has been found, beginning invocation! {"metadata":{"emulator":{"name":"functions"},"function":{"name":"api"},"message":"[runtime-status] [9432] Trigger \"api\" has been found, beginning invocation!"}}
[info] i  functions: Beginning execution of "api" {"metadata":{"emulator":{"name":"functions"},"function":{"name":"api"},"message":"Beginning execution of \"api\""}}
[debug] [2021-04-06T10:39:34.115Z] [runtime-status] [9432] triggerDefinition {"httpsTrigger":{},"name":"api","entryPoint":"api"} {"metadata":{"emulator":{"name":"functions"},"function":{"name":"api"},"message":"[runtime-status] [9432] triggerDefinition {\"httpsTrigger\":{},\"name\":\"api\",\"entryPoint\":\"api\"}"}}
[debug] [2021-04-06T10:39:34.116Z] [runtime-status] [9432] Running api in mode HTTPS {"metadata":{"emulator":{"name":"functions"},"function":{"name":"api"},"message":"[runtime-status] [9432] Running api in mode HTTPS"}}
[debug] [2021-04-06T10:39:34.126Z] [runtime-status] [9432] Attempting to listen to socketPath: \\?\pipe\C:\Users\jaspe\Desktop\Ukay2ph\ukay-ukay\functions\9432 {"metadata":{"emulator":{"name":"functions"},"function":{"name":"api"},"message":"[runtime-status] [9432] Attempting to listen to socketPath: \\\\?\\pipe\\C:\\Users\\jaspe\\Desktop\\Ukay2ph\\ukay-ukay\\functions\\9432"}}
[debug] [2021-04-06T10:39:34.131Z] [functions] Runtime ready! Sending request! {"metadata":{"emulator":{"name":"functions"},"message":"[functions] Runtime ready! Sending request!"}}
[debug] [2021-04-06T10:39:34.174Z] [runtime-status] [9432] Ephemeral server handling POST request {"metadata":{"emulator":{"name":"functions"},"function":{"name":"api"},"message":"[runtime-status] [9432] Ephemeral server handling POST request"}}
[info] >  Payment Request Recieved for this amount >>> 163236 {"user":"Payment Request Recieved for this amount >>> 163236","metadata":{"emulator":{"name":"functions"},"function":{"name":"api"},"message":"\u001b[90m> \u001b[39m Payment Request Recieved for this amount >>> 163236"}}
[debug] [2021-04-06T10:39:34.205Z] [runtime-status] [9432] Ephemeral server survived. {"metadata":{"emulator":{"name":"functions"},"function":{"name":"api"},"message":"[runtime-status] [9432] Ephemeral server survived."}}
[info] i  functions: Finished "api" in ~1s {"metadata":{"emulator":{"name":"functions"},"function":{"name":"api"},"message":"Finished \"api\" in ~1s"}}
[debug] [2021-04-06T10:39:35.427Z] [worker-api-4eea5f30-2c4e-4798-8d41-2c2425a611eb]: IDLE {"metadata":{"emulator":{"name":"functions"},"message":"[worker-api-4eea5f30-2c4e-4798-8d41-2c2425a611eb]: IDLE"}}
[debug] [2021-04-06T10:39:35.428Z] [work-queue] {"queueLength":0,"workRunningCount":0}
[debug] [2021-04-06T10:39:43.824Z] [work-queue] {"queueLength":1,"workRunningCount":0}
[debug] [2021-04-06T10:39:43.824Z] [work-queue] {"queueLength":0,"workRunningCount":1}
[debug] [2021-04-06T10:39:43.824Z] Accepted request POST /ukay-58a99/us-central1/api/payments/create?total=0 --> api
[debug] [2021-04-06T10:39:43.825Z] [worker-pool] submitWork(triggerId=api) {"metadata":{"emulator":{"name":"functions"},"message":"[worker-pool] submitWork(triggerId=api)"}}
[debug] [2021-04-06T10:39:43.825Z] [worker-api-4eea5f30-2c4e-4798-8d41-2c2425a611eb]: Assigning socketPath: \\?\pipe\C:\Users\jaspe\Desktop\Ukay2ph\ukay-ukay\functions\9432 {"metadata":{"emulator":{"name":"functions"},"message":"[worker-api-4eea5f30-2c4e-4798-8d41-2c2425a611eb]: Assigning socketPath: \\\\?\\pipe\\C:\\Users\\jaspe\\Desktop\\Ukay2ph\\ukay-ukay\\functions\\9432"}}
[debug] [2021-04-06T10:39:43.825Z] [worker-api-4eea5f30-2c4e-4798-8d41-2c2425a611eb]: BUSY {"metadata":{"emulator":{"name":"functions"},"message":"[worker-api-4eea5f30-2c4e-4798-8d41-2c2425a611eb]: BUSY"}}
[debug] [2021-04-06T10:39:43.826Z] [runtime-status] [9432] Trigger "api" has been found, beginning invocation! {"metadata":{"emulator":{"name":"functions"},"function":{"name":"api"},"message":"[runtime-status] [9432] Trigger \"api\" has been found, beginning invocation!"}}
[info] i  functions: Beginning execution of "api" {"metadata":{"emulator":{"name":"functions"},"function":{"name":"api"},"message":"Beginning execution of \"api\""}}
[debug] [2021-04-06T10:39:43.828Z] [runtime-status] [9432] triggerDefinition {"httpsTrigger":{},"name":"api","entryPoint":"api"} {"metadata":{"emulator":{"name":"functions"},"function":{"name":"api"},"message":"[runtime-status] [9432] triggerDefinition {\"httpsTrigger\":{},\"name\":\"api\",\"entryPoint\":\"api\"}"}}
[debug] [2021-04-06T10:39:43.828Z] [runtime-status] [9432] Running api in mode HTTPS {"metadata":{"emulator":{"name":"functions"},"function":{"name":"api"},"message":"[runtime-status] [9432] Running api in mode HTTPS"}}
[debug] [2021-04-06T10:39:43.829Z] [runtime-status] [9432] Attempting to listen to socketPath: \\?\pipe\C:\Users\jaspe\Desktop\Ukay2ph\ukay-ukay\functions\9432 {"metadata":{"emulator":{"name":"functions"},"function":{"name":"api"},"message":"[runtime-status] [9432] Attempting to listen to socketPath: \\\\?\\pipe\\C:\\Users\\jaspe\\Desktop\\Ukay2ph\\ukay-ukay\\functions\\9432"}}
[debug] [2021-04-06T10:39:43.831Z] [functions] Runtime ready! Sending request! {"metadata":{"emulator":{"name":"functions"},"message":"[functions] Runtime ready! Sending request!"}}
[debug] [2021-04-06T10:39:43.837Z] [runtime-status] [9432] Ephemeral server handling POST request {"metadata":{"emulator":{"name":"functions"},"function":{"name":"api"},"message":"[runtime-status] [9432] Ephemeral server handling POST request"}}
[info] >  Payment Request Recieved for this amount >>> 0 {"user":"Payment Request Recieved for this amount >>> 0","metadata":{"emulator":{"name":"functions"},"function":{"name":"api"},"message":"\u001b[90m> \u001b[39m Payment Request Recieved for this amount >>> 0"}}
[debug] [2021-04-06T10:39:43.841Z] [runtime-status] [9432] Ephemeral server survived. {"metadata":{"emulator":{"name":"functions"},"function":{"name":"api"},"message":"[runtime-status] [9432] Ephemeral server survived."}}
[info] >  (node:9432) UnhandledPromiseRejectionWarning: Error: This value must be greater than or equal to 1. {"user":"(node:9432) UnhandledPromiseRejectionWarning: Error: This value must be greater than or equal to 1.","metadata":{"emulator":{"name":"functions"},"function":{"name":"api"},"message":"\u001b[90m> \u001b[39m (node:9432) UnhandledPromiseRejectionWarning: Error: This value must be greater than or equal to 1."}}
[info] >      at Function.generate (C:\Users\jaspe\Desktop\Ukay2ph\ukay-ukay\functions\node_modules\stripe\lib\Error.js:40:16) {"user":"    at Function.generate (C:\\Users\\jaspe\\Desktop\\Ukay2ph\\ukay-ukay\\functions\\node_modules\\stripe\\lib\\Error.js:40:16)","metadata":{"emulator":{"name":"functions"},"function":{"name":"api"},"message":"\u001b[90m> \u001b[39m     at Function.generate (C:\\Users\\jaspe\\Desktop\\Ukay2ph\\ukay-ukay\\functions\\node_modules\\stripe\\lib\\Error.js:40:16)"}}
[info] >      at IncomingMessage.<anonymous> (C:\Users\jaspe\Desktop\Ukay2ph\ukay-ukay\functions\node_modules\stripe\lib\StripeResource.js:190:33) {"user":"    at IncomingMessage.<anonymous> (C:\\Users\\jaspe\\Desktop\\Ukay2ph\\ukay-ukay\\functions\\node_modules\\stripe\\lib\\StripeResource.js:190:33)","metadata":{"emulator":{"name":"functions"},"function":{"name":"api"},"message":"\u001b[90m> \u001b[39m     at IncomingMessage.<anonymous> (C:\\Users\\jaspe\\Desktop\\Ukay2ph\\ukay-ukay\\functions\\node_modules\\stripe\\lib\\StripeResource.js:190:33)"}}
[info] >      at Object.onceWrapper (events.js:416:28) {"user":"    at Object.onceWrapper (events.js:416:28)","metadata":{"emulator":{"name":"functions"},"function":{"name":"api"},"message":"\u001b[90m> \u001b[39m     at Object.onceWrapper (events.js:416:28)"}}
[info] >      at IncomingMessage.emit (events.js:322:22) {"user":"    at IncomingMessage.emit (events.js:322:22)","metadata":{"emulator":{"name":"functions"},"function":{"name":"api"},"message":"\u001b[90m> \u001b[39m     at IncomingMessage.emit (events.js:322:22)"}}
[info] >      at endReadableNT (_stream_readable.js:1187:12) {"user":"    at endReadableNT (_stream_readable.js:1187:12)","metadata":{"emulator":{"name":"functions"},"function":{"name":"api"},"message":"\u001b[90m> \u001b[39m     at endReadableNT (_stream_readable.js:1187:12)"}}
[info] >      at processTicksAndRejections (internal/process/task_queues.js:84:21) {"user":"    at processTicksAndRejections (internal/process/task_queues.js:84:21)","metadata":{"emulator":{"name":"functions"},"function":{"name":"api"},"message":"\u001b[90m> \u001b[39m     at processTicksAndRejections (internal/process/task_queues.js:84:21)"}}
[info] >  (node:9432) UnhandledPromiseRejectionWarning: Unhandled promise rejection. This error originated either by throwing inside of an async function without a catch block, or by rejecting a promise which was not handled with .catch(). To terminate the node process on unhandled promise rejection, use the CLI flag `--unhandled-rejections=strict` (see https://nodejs.org/api/cli.html#cli_unhandled_rejections_mode). (rejection id: 1) {"user":"(node:9432) UnhandledPromiseRejectionWarning: Unhandled promise rejection. This error originated either by throwing inside of an async function without a catch block, or by rejecting a promise which was not handled with .catch(). To terminate the node process on unhandled promise rejection, use the CLI flag `--unhandled-rejections=strict` (see https://nodejs.org/api/cli.html#cli_unhandled_rejections_mode). (rejection id: 1)","metadata":{"emulator":{"name":"functions"},"function":{"name":"api"},"message":"\u001b[90m> \u001b[39m (node:9432) UnhandledPromiseRejectionWarning: Unhandled promise rejection. This error originated either by throwing inside of an async function without a catch block, or by rejecting a promise which was not handled with .catch(). To terminate the node process on unhandled promise rejection, use the CLI flag `--unhandled-rejections=strict` (see https://nodejs.org/api/cli.html#cli_unhandled_rejections_mode). (rejection id: 1)"}}
[info] >  (node:9432) [DEP0018] DeprecationWarning: Unhandled promise rejections are deprecated. In the future, promise rejections that are not handled will terminate the Node.js process with a non-zero exit code. {"user":"(node:9432) [DEP0018] DeprecationWarning: Unhandled promise rejections are deprecated. In the future, promise rejections that are not handled will terminate the Node.js process with a non-zero exit code.","metadata":{"emulator":{"name":"functions"},"function":{"name":"api"},"message":"\u001b[90m> \u001b[39m (node:9432) [DEP0018] DeprecationWarning: Unhandled promise rejections are deprecated. In the future, promise rejections that are not handled will terminate the Node.js process with a non-zero exit code."}}
